Compilazione avviata 02/11/2011 17:16:29.
     1>Progetto "C:\Users\Cronos\Documents\Progetti\Space-Crasher\Space Crasher.vcxproj" sul nodo 2 (destinazioni: build).
     1>InitializeBuildStatus:
         Creazione di "Debug\Space Crasher.unsuccessfulbuild". È stato specificato "AlwaysCreate".
       ClCompile:
         Tutti gli output sono aggiornati.
       ResourceCompile:
         Tutti gli output sono aggiornati.
       ManifestResourceCompile:
         Tutti gli output sono aggiornati.
       Link:
         Tutti gli output sono aggiornati.
       Manifest:
         Tutti gli output sono aggiornati.
       FinalizeBuildStatus:
         Eliminazione del file "Debug\Space Crasher.unsuccessfulbuild" in corso.
         Aggiornamento timestamp di "Debug\Space Crasher.lastbuildstate".
     1>Compilazione progetto "C:\Users\Cronos\Documents\Progetti\Space-Crasher\Space Crasher.vcxproj" (destinazioni: build) completata.

Compilazione completata.

Tempo trascorso 00:00:00.10
