C:\USERS\CRONOS\DOCUMENTS\PROGETTI\SPACE-CRASHER\DEBUG\ASTEROIDE.OBJ
C:\Users\Cronos\Documents\Progetti\Space-Crasher\Debug\cl.command.1.tlog
C:\Users\Cronos\Documents\Progetti\Space-Crasher\Debug\CL.read.1.tlog
C:\Users\Cronos\Documents\Progetti\Space-Crasher\Debug\CL.write.1.tlog
C:\USERS\CRONOS\DOCUMENTS\PROGETTI\SPACE-CRASHER\DEBUG\EXPLOSION.OBJ
C:\USERS\CRONOS\DOCUMENTS\PROGETTI\SPACE-CRASHER\DEBUG\FILAASTEROIDI.OBJ
C:\USERS\CRONOS\DOCUMENTS\PROGETTI\SPACE-CRASHER\DEBUG\GAMEENGINE.OBJ
C:\Users\Cronos\Documents\Progetti\Space-Crasher\Debug\link.4492.read.1.tlog
C:\Users\Cronos\Documents\Progetti\Space-Crasher\Debug\link.4492.write.1.tlog
C:\Users\Cronos\Documents\Progetti\Space-Crasher\Debug\link.4492-cvtres.read.1.tlog
C:\Users\Cronos\Documents\Progetti\Space-Crasher\Debug\link.4492-cvtres.write.1.tlog
C:\Users\Cronos\Documents\Progetti\Space-Crasher\Debug\link.command.1.tlog
C:\Users\Cronos\Documents\Progetti\Space-Crasher\Debug\link.read.1.tlog
C:\Users\Cronos\Documents\Progetti\Space-Crasher\Debug\link.write.1.tlog
C:\Users\Cronos\Documents\Progetti\Space-Crasher\Debug\link-cvtres.read.1.tlog
C:\Users\Cronos\Documents\Progetti\Space-Crasher\Debug\link-cvtres.write.1.tlog
C:\USERS\CRONOS\DOCUMENTS\PROGETTI\SPACE-CRASHER\DEBUG\MAIN.OBJ
C:\Users\Cronos\Documents\Progetti\Space-Crasher\Debug\mt.command.1.tlog
C:\Users\Cronos\Documents\Progetti\Space-Crasher\Debug\mt.read.1.tlog
C:\Users\Cronos\Documents\Progetti\Space-Crasher\Debug\mt.write.1.tlog
C:\USERS\CRONOS\DOCUMENTS\PROGETTI\SPACE-CRASHER\DEBUG\NAVICELLA.OBJ
C:\USERS\CRONOS\DOCUMENTS\PROGETTI\SPACE-CRASHER\DEBUG\PIOGGIAASTEROIDI.OBJ
C:\USERS\CRONOS\DOCUMENTS\PROGETTI\SPACE-CRASHER\DEBUG\PLAYER.OBJ
C:\Users\Cronos\Documents\Progetti\Space-Crasher\Debug\rc.command.1.tlog
C:\Users\Cronos\Documents\Progetti\Space-Crasher\Debug\rc.read.1.tlog
C:\Users\Cronos\Documents\Progetti\Space-Crasher\Debug\rc.write.1.tlog
C:\USERS\CRONOS\DOCUMENTS\PROGETTI\SPACE-CRASHER\DEBUG\SPACE CRASHER.EXE
C:\USERS\CRONOS\DOCUMENTS\PROGETTI\SPACE-CRASHER\DEBUG\SPACE CRASHER.EXE.EMBED.MANIFEST
C:\USERS\CRONOS\DOCUMENTS\PROGETTI\SPACE-CRASHER\DEBUG\SPACE CRASHER.EXE.EMBED.MANIFEST.RES
C:\USERS\CRONOS\DOCUMENTS\PROGETTI\SPACE-CRASHER\DEBUG\SPACE CRASHER.EXE.INTERMEDIATE.MANIFEST
C:\USERS\CRONOS\DOCUMENTS\PROGETTI\SPACE-CRASHER\DEBUG\SPACE CRASHER.ILK
C:\USERS\CRONOS\DOCUMENTS\PROGETTI\SPACE-CRASHER\DEBUG\SPACE CRASHER.PDB
C:\USERS\CRONOS\DOCUMENTS\PROGETTI\SPACE-CRASHER\DEBUG\SPACE CRASHER.RES
C:\Users\Cronos\Documents\Progetti\Space-Crasher\Debug\Space Crasher_manifest.rc
C:\USERS\CRONOS\DOCUMENTS\PROGETTI\SPACE-CRASHER\DEBUG\SURFACEMANAGER.OBJ
C:\USERS\CRONOS\DOCUMENTS\PROGETTI\SPACE-CRASHER\DEBUG\TESTO.OBJ
C:\Users\Cronos\Documents\Progetti\Space-Crasher\Debug\vc100.idb
C:\USERS\CRONOS\DOCUMENTS\PROGETTI\SPACE-CRASHER\DEBUG\VC100.PDB
